<?xml version="1.0" encoding="UTF-8"?><testsuite errors="0" failures="0" name="gorest.serinity.project.gorestappinfo.UserCRUDTestWithStep" skipped="0" tests="4" time="12.84" timestamp="2023-06-04T20:18:27.179+01:00[Europe/London]"><testcase classname="gorest.serinity.project.gorestappinfo.UserCRUDTestWithStep" name="This will create a new User"/><testcase classname="gorest.serinity.project.gorestappinfo.UserCRUDTestWithStep" name="This will Fetch user by ID"/><testcase classname="gorest.serinity.project.gorestappinfo.UserCRUDTestWithStep" name="Update the user information and verify the updated information"/><testcase classname="gorest.serinity.project.gorestappinfo.UserCRUDTestWithStep" name="Delete the user and verify if the user is deleted!"/></testsuite>